08:51:16.203 [main] ERROR o.s.b.d.LoggingFailureAnalysisReporter - 

***************************
APPLICATION FAILED TO START
***************************

Description:

Failed to bind properties under 'logging.level.com.hemantpandey' to org.springframework.boot.logging.LogLevel:

    Property: logging.level.com.hemantpandey
    Value: "journalApp:DEBUG"
    Origin: class path resource [application.yml] - 10:9
    Reason: failed to convert java.lang.String to org.springframework.boot.logging.LogLevel (caused by java.lang.IllegalArgumentException: No enum constant org.springframework.boot.logging.LogLevel.journalApp:DEBUG)

Action:

Update your application's configuration. The following values are valid:

    DEBUG
    ERROR
    FATAL
    INFO
    OFF
    TRACE
    WARN

08:56:09.453 [main] ERROR      o.s.b.d.LoggingFailureAnalysisReporter -------- 

***************************
APPLICATION FAILED TO START
***************************

Description:

Failed to bind properties under 'logging.level.com.hemantpandey' to org.springframework.boot.logging.LogLevel:

    Property: logging.level.com.hemantpandey
    Value: "journalApp:DEBUG"
    Origin: class path resource [application.yml] - 10:9
    Reason: failed to convert java.lang.String to org.springframework.boot.logging.LogLevel (caused by java.lang.IllegalArgumentException: No enum constant org.springframework.boot.logging.LogLevel.journalApp:DEBUG)

Action:

Update your application's configuration. The following values are valid:

    DEBUG
    ERROR
    FATAL
    INFO
    OFF
    TRACE
    WARN

08:56:26.259 [main] ERROR      o.s.b.d.LoggingFailureAnalysisReporter -------- 

***************************
APPLICATION FAILED TO START
***************************

Description:

Failed to bind properties under 'logging.level.com.hemantpandey' to org.springframework.boot.logging.LogLevel:

    Property: logging.level.com.hemantpandey
    Value: "journalApp:DEBUG"
    Origin: class path resource [application.yml] - 10:9
    Reason: failed to convert java.lang.String to org.springframework.boot.logging.LogLevel (caused by java.lang.IllegalArgumentException: No enum constant org.springframework.boot.logging.LogLevel.journalApp:DEBUG)

Action:

Update your application's configuration. The following values are valid:

    DEBUG
    ERROR
    FATAL
    INFO
    OFF
    TRACE
    WARN

08:58:13.574 [main] ERROR      o.s.b.d.LoggingFailureAnalysisReporter -------- 

***************************
APPLICATION FAILED TO START
***************************

Description:

Failed to bind properties under 'logging.level.com.hemantpandey' to org.springframework.boot.logging.LogLevel:

    Property: logging.level.com.hemantpandey
    Value: "journalApp:TRACE"
    Origin: class path resource [application.yml] - 10:9
    Reason: failed to convert java.lang.String to org.springframework.boot.logging.LogLevel (caused by java.lang.IllegalArgumentException: No enum constant org.springframework.boot.logging.LogLevel.journalApp:TRACE)

Action:

Update your application's configuration. The following values are valid:

    DEBUG
    ERROR
    FATAL
    INFO
    OFF
    TRACE
    WARN

08:58:26.136 [main] INFO       c.h.journalApp.JournalApplication -------- Starting JournalApplication using Java 1.8.0_202 on LENOVO-PG02KN0K with PID 24080 (C:\Users\hemantp\Desktop\Spring Boot\journalApp\target\classes started by hemantp in C:\Users\hemantp\Desktop\Spring Boot\journalApp)
08:58:26.138 [main] INFO       c.h.journalApp.JournalApplication -------- The following 1 profile is active: "dev"
08:58:26.937 [main] INFO       o.s.d.r.c.RepositoryConfigurationDelegate -------- Bootstrapping Spring Data MongoDB repositories in DEFAULT mode.
08:58:27.159 [main] INFO       o.s.d.r.c.RepositoryConfigurationDelegate -------- Finished Spring Data repository scanning in 215 ms. Found 2 MongoDB repository interfaces.
08:58:27.925 [main] INFO       o.s.b.w.e.tomcat.TomcatWebServer -------- Tomcat initialized with port(s): 8080 (http)
08:58:27.931 [main] INFO       o.a.coyote.http11.Http11NioProtocol -------- Initializing ProtocolHandler ["http-nio-8080"]
08:58:27.933 [main] INFO       o.a.catalina.core.StandardService -------- Starting service [Tomcat]
08:58:27.934 [main] INFO       o.a.catalina.core.StandardEngine -------- Starting Servlet engine: [Apache Tomcat/9.0.82]
08:58:28.086 [main] INFO       o.a.c.c.C.[.[localhost].[/journal] -------- Initializing Spring embedded WebApplicationContext
08:58:28.086 [main] INFO       o.s.b.w.s.c.ServletWebServerApplicationContext -------- Root WebApplicationContext: initialization completed in 1893 ms
08:58:29.477 [main] INFO       org.mongodb.driver.client -------- MongoClient with metadata {"driver": {"name": "mongo-java-driver|sync|spring-boot", "version": "4.6.1"}, "os": {"type": "Windows", "name": "Windows 10", "architecture": "amd64", "version": "10.0"}, "platform": "Java/Oracle Corporation/1.8.0_202-b08"} created with settings MongoClientSettings{readPreference=primary, writeConcern=WriteConcern{w=majority, wTimeout=null ms, journal=null}, retryWrites=true, retryReads=true, readConcern=ReadConcern{level=null}, credential=MongoCredential{mechanism=null, userName='hp9769hp', source='admin', password=<hidden>, mechanismProperties=<hidden>}, streamFactoryFactory=null, commandListeners=[], codecRegistry=ProvidersCodecRegistry{codecProviders=[ValueCodecProvider{}, BsonValueCodecProvider{}, DBRefCodecProvider{}, DBObjectCodecProvider{}, DocumentCodecProvider{}, IterableCodecProvider{}, MapCodecProvider{}, GeoJsonCodecProvider{}, GridFSFileCodecProvider{}, Jsr310CodecProvider{}, JsonObjectCodecProvider{}, BsonCodecProvider{}, EnumCodecProvider{}, com.mongodb.Jep395RecordCodecProvider@2123064f]}, clusterSettings={hosts=[127.0.0.1:27017], srvHost=cluster0.vn7y1jw.mongodb.net, srvServiceName=mongodb, mode=MULTIPLE, requiredClusterType=REPLICA_SET, requiredReplicaSetName='atlas-3mdhmm-shard-0', serverSelector='null', clusterListeners='[]', serverSelectionTimeout='30000 ms', localThreshold='30000 ms'}, socketSettings=SocketSettings{connectTimeoutMS=10000, readTimeoutMS=0, receiveBufferSize=0, sendBufferSize=0}, heartbeatSocketSettings=SocketSettings{connectTimeoutMS=10000, readTimeoutMS=10000, receiveBufferSize=0, sendBufferSize=0}, connectionPoolSettings=ConnectionPoolSettings{maxSize=100, minSize=0, maxWaitTimeMS=120000, maxConnectionLifeTimeMS=0, maxConnectionIdleTimeMS=0, maintenanceInitialDelayMS=0, maintenanceFrequencyMS=60000, connectionPoolListeners=[], maxConnecting=2}, serverSettings=ServerSettings{heartbeatFrequencyMS=10000, minHeartbeatFrequencyMS=500, serverListeners='[]', serverMonitorListeners='[]'}, sslSettings=SslSettings{enabled=true, invalidHostNameAllowed=false, context=null}, applicationName='null', compressorList=[], uuidRepresentation=JAVA_LEGACY, serverApi=null, autoEncryptionSettings=null, contextProvider=null}
08:58:29.762 [main] INFO       org.mongodb.driver.cluster -------- Cluster description not yet available. Waiting for 30000 ms before timing out
08:58:30.462 [cluster-ClusterId{value='65d41c5d26a3d05dbfb2fa48', description='null'}-srv-cluster0.vn7y1jw.mongodb.net] INFO       org.mongodb.driver.cluster -------- Adding discovered server ac-6y1uld4-shard-00-02.vn7y1jw.mongodb.net:27017 to client view of cluster
08:58:30.499 [cluster-ClusterId{value='65d41c5d26a3d05dbfb2fa48', description='null'}-srv-cluster0.vn7y1jw.mongodb.net] INFO       org.mongodb.driver.cluster -------- Adding discovered server ac-6y1uld4-shard-00-00.vn7y1jw.mongodb.net:27017 to client view of cluster
08:58:30.500 [cluster-ClusterId{value='65d41c5d26a3d05dbfb2fa48', description='null'}-srv-cluster0.vn7y1jw.mongodb.net] INFO       org.mongodb.driver.cluster -------- Adding discovered server ac-6y1uld4-shard-00-01.vn7y1jw.mongodb.net:27017 to client view of cluster
08:58:30.523 [main] INFO       org.mongodb.driver.cluster -------- No server chosen by com.mongodb.client.internal.MongoClientDelegate$1@43aeb5e0 from cluster description ClusterDescription{type=REPLICA_SET, connectionMode=MULTIPLE, serverDescriptions=[ServerDescription{address=ac-6y1uld4-shard-00-01.vn7y1jw.mongodb.net:27017, type=UNKNOWN, state=CONNECTING}, ServerDescription{address=ac-6y1uld4-shard-00-00.vn7y1jw.mongodb.net:27017, type=UNKNOWN, state=CONNECTING}, ServerDescription{address=ac-6y1uld4-shard-00-02.vn7y1jw.mongodb.net:27017, type=UNKNOWN, state=CONNECTING}]}. Waiting for 30000 ms before timing out
08:58:31.375 [cluster-ClusterId{value='65d41c5d26a3d05dbfb2fa48', description='null'}-ac-6y1uld4-shard-00-01.vn7y1jw.mongodb.net:27017] INFO       org.mongodb.driver.connection -------- Opened connection [connectionId{localValue:5, serverValue:14382}] to ac-6y1uld4-shard-00-01.vn7y1jw.mongodb.net:27017
08:58:31.375 [cluster-rtt-ClusterId{value='65d41c5d26a3d05dbfb2fa48', description='null'}-ac-6y1uld4-shard-00-00.vn7y1jw.mongodb.net:27017] INFO       org.mongodb.driver.connection -------- Opened connection [connectionId{localValue:4, serverValue:15813}] to ac-6y1uld4-shard-00-00.vn7y1jw.mongodb.net:27017
08:58:31.376 [cluster-ClusterId{value='65d41c5d26a3d05dbfb2fa48', description='null'}-ac-6y1uld4-shard-00-00.vn7y1jw.mongodb.net:27017] INFO       org.mongodb.driver.connection -------- Opened connection [connectionId{localValue:3, serverValue:15813}] to ac-6y1uld4-shard-00-00.vn7y1jw.mongodb.net:27017
08:58:31.375 [cluster-rtt-ClusterId{value='65d41c5d26a3d05dbfb2fa48', description='null'}-ac-6y1uld4-shard-00-01.vn7y1jw.mongodb.net:27017] INFO       org.mongodb.driver.connection -------- Opened connection [connectionId{localValue:2, serverValue:14378}] to ac-6y1uld4-shard-00-01.vn7y1jw.mongodb.net:27017
08:58:31.375 [cluster-rtt-ClusterId{value='65d41c5d26a3d05dbfb2fa48', description='null'}-ac-6y1uld4-shard-00-02.vn7y1jw.mongodb.net:27017] INFO       org.mongodb.driver.connection -------- Opened connection [connectionId{localValue:1, serverValue:15726}] to ac-6y1uld4-shard-00-02.vn7y1jw.mongodb.net:27017
08:58:31.375 [cluster-ClusterId{value='65d41c5d26a3d05dbfb2fa48', description='null'}-ac-6y1uld4-shard-00-02.vn7y1jw.mongodb.net:27017] INFO       org.mongodb.driver.connection -------- Opened connection [connectionId{localValue:6, serverValue:15930}] to ac-6y1uld4-shard-00-02.vn7y1jw.mongodb.net:27017
08:58:31.377 [cluster-ClusterId{value='65d41c5d26a3d05dbfb2fa48', description='null'}-ac-6y1uld4-shard-00-01.vn7y1jw.mongodb.net:27017] INFO       org.mongodb.driver.cluster -------- Monitor thread successfully connected to server with description ServerDescription{address=ac-6y1uld4-shard-00-01.vn7y1jw.mongodb.net:27017, type=REPLICA_SET_SECONDARY, state=CONNECTED, ok=true, minWireVersion=0, maxWireVersion=17, maxDocumentSize=16777216, logicalSessionTimeoutMinutes=30, roundTripTimeNanos=305099900, setName='atlas-3mdhmm-shard-0', canonicalAddress=ac-6y1uld4-shard-00-01.vn7y1jw.mongodb.net:27017, hosts=[ac-6y1uld4-shard-00-01.vn7y1jw.mongodb.net:27017, ac-6y1uld4-shard-00-02.vn7y1jw.mongodb.net:27017, ac-6y1uld4-shard-00-00.vn7y1jw.mongodb.net:27017], passives=[], arbiters=[], primary='ac-6y1uld4-shard-00-02.vn7y1jw.mongodb.net:27017', tagSet=TagSet{[Tag{name='availabilityZone', value='aps1-az3'}, Tag{name='diskState', value='READY'}, Tag{name='nodeType', value='ELECTABLE'}, Tag{name='provider', value='AWS'}, Tag{name='region', value='AP_SOUTH_1'}, Tag{name='workloadType', value='OPERATIONAL'}]}, electionId=null, setVersion=11, topologyVersion=TopologyVersion{processId=65d36140a826e5dce8634c70, counter=3}, lastWriteDate=Tue Feb 20 08:57:50 IST 2024, lastUpdateTimeNanos=47712088729300}
08:58:31.377 [cluster-ClusterId{value='65d41c5d26a3d05dbfb2fa48', description='null'}-ac-6y1uld4-shard-00-00.vn7y1jw.mongodb.net:27017] INFO       org.mongodb.driver.cluster -------- Monitor thread successfully connected to server with description ServerDescription{address=ac-6y1uld4-shard-00-00.vn7y1jw.mongodb.net:27017, type=REPLICA_SET_SECONDARY, state=CONNECTED, ok=true, minWireVersion=0, maxWireVersion=17, maxDocumentSize=16777216, logicalSessionTimeoutMinutes=30, roundTripTimeNanos=305090000, setName='atlas-3mdhmm-shard-0', canonicalAddress=ac-6y1uld4-shard-00-00.vn7y1jw.mongodb.net:27017, hosts=[ac-6y1uld4-shard-00-01.vn7y1jw.mongodb.net:27017, ac-6y1uld4-shard-00-02.vn7y1jw.mongodb.net:27017, ac-6y1uld4-shard-00-00.vn7y1jw.mongodb.net:27017], passives=[], arbiters=[], primary='ac-6y1uld4-shard-00-02.vn7y1jw.mongodb.net:27017', tagSet=TagSet{[Tag{name='availabilityZone', value='aps1-az1'}, Tag{name='diskState', value='READY'}, Tag{name='nodeType', value='ELECTABLE'}, Tag{name='provider', value='AWS'}, Tag{name='region', value='AP_SOUTH_1'}, Tag{name='workloadType', value='OPERATIONAL'}]}, electionId=null, setVersion=11, topologyVersion=TopologyVersion{processId=65d35e9afc7d5eda050eedb6, counter=4}, lastWriteDate=Tue Feb 20 08:57:50 IST 2024, lastUpdateTimeNanos=47712088724400}
08:58:31.377 [cluster-ClusterId{value='65d41c5d26a3d05dbfb2fa48', description='null'}-ac-6y1uld4-shard-00-02.vn7y1jw.mongodb.net:27017] INFO       org.mongodb.driver.cluster -------- Monitor thread successfully connected to server with description ServerDescription{address=ac-6y1uld4-shard-00-02.vn7y1jw.mongodb.net:27017, type=REPLICA_SET_PRIMARY, state=CONNECTED, ok=true, minWireVersion=0, maxWireVersion=17, maxDocumentSize=16777216, logicalSessionTimeoutMinutes=30, roundTripTimeNanos=305091200, setName='atlas-3mdhmm-shard-0', canonicalAddress=ac-6y1uld4-shard-00-02.vn7y1jw.mongodb.net:27017, hosts=[ac-6y1uld4-shard-00-01.vn7y1jw.mongodb.net:27017, ac-6y1uld4-shard-00-02.vn7y1jw.mongodb.net:27017, ac-6y1uld4-shard-00-00.vn7y1jw.mongodb.net:27017], passives=[], arbiters=[], primary='ac-6y1uld4-shard-00-02.vn7y1jw.mongodb.net:27017', tagSet=TagSet{[Tag{name='availabilityZone', value='aps1-az2'}, Tag{name='diskState', value='READY'}, Tag{name='nodeType', value='ELECTABLE'}, Tag{name='provider', value='AWS'}, Tag{name='region', value='AP_SOUTH_1'}, Tag{name='workloadType', value='OPERATIONAL'}]}, electionId=7fffffff00000000000000d7, setVersion=11, topologyVersion=TopologyVersion{processId=65d35ffd37f8a9750f695cfb, counter=6}, lastWriteDate=Tue Feb 20 08:57:50 IST 2024, lastUpdateTimeNanos=47712088725400}
08:58:31.382 [cluster-ClusterId{value='65d41c5d26a3d05dbfb2fa48', description='null'}-ac-6y1uld4-shard-00-02.vn7y1jw.mongodb.net:27017] INFO       org.mongodb.driver.cluster -------- Setting max election id to 7fffffff00000000000000d7 from replica set primary ac-6y1uld4-shard-00-02.vn7y1jw.mongodb.net:27017
08:58:31.382 [cluster-ClusterId{value='65d41c5d26a3d05dbfb2fa48', description='null'}-ac-6y1uld4-shard-00-02.vn7y1jw.mongodb.net:27017] INFO       org.mongodb.driver.cluster -------- Setting max set version to 11 from replica set primary ac-6y1uld4-shard-00-02.vn7y1jw.mongodb.net:27017
08:58:31.383 [cluster-ClusterId{value='65d41c5d26a3d05dbfb2fa48', description='null'}-ac-6y1uld4-shard-00-02.vn7y1jw.mongodb.net:27017] INFO       org.mongodb.driver.cluster -------- Discovered replica set primary ac-6y1uld4-shard-00-02.vn7y1jw.mongodb.net:27017
08:58:31.558 [main] INFO       org.mongodb.driver.connection -------- Opened connection [connectionId{localValue:7, serverValue:15850}] to ac-6y1uld4-shard-00-02.vn7y1jw.mongodb.net:27017
08:58:31.967 [main] INFO       o.s.s.web.DefaultSecurityFilterChain -------- Will secure any request with [org.springframework.security.web.session.DisableEncodeUrlFilter@5995851e, org.springframework.security.web.context.request.async.WebAsyncManagerIntegrationFilter@48a2db72, org.springframework.security.web.context.SecurityContextPersistenceFilter@781711b7, org.springframework.security.web.header.HeaderWriterFilter@3b332962, org.springframework.security.web.authentication.logout.LogoutFilter@f2a1813, org.springframework.security.web.authentication.www.BasicAuthenticationFilter@9ab310b, org.springframework.security.web.savedrequest.RequestCacheAwareFilter@642ee49c, org.springframework.security.web.servletapi.SecurityContextHolderAwareRequestFilter@4e224df5, org.springframework.security.web.authentication.AnonymousAuthenticationFilter@51bddd98, org.springframework.security.web.session.SessionManagementFilter@3596b249, org.springframework.security.web.access.ExceptionTranslationFilter@3e28fee1, org.springframework.security.web.access.intercept.FilterSecurityInterceptor@671ea6ff]
08:58:32.343 [main] INFO       o.a.coyote.http11.Http11NioProtocol -------- Starting ProtocolHandler ["http-nio-8080"]
08:58:32.347 [main] WARN       o.s.b.w.s.c.AnnotationConfigServletWebServerApplicationContext -------- Exception encountered during context initialization - cancelling refresh attempt: org.springframework.context.ApplicationContextException: Failed to start bean 'webServerStartStop'; nested exception is org.springframework.boot.web.server.PortInUseException: Port 8080 is already in use
08:58:32.388 [main] INFO       o.a.coyote.http11.Http11NioProtocol -------- Pausing ProtocolHandler ["http-nio-8080"]
08:58:32.388 [main] INFO       o.a.catalina.core.StandardService -------- Stopping service [Tomcat]
08:58:32.393 [main] INFO       o.a.coyote.http11.Http11NioProtocol -------- Stopping ProtocolHandler ["http-nio-8080"]
08:58:32.394 [main] INFO       o.a.coyote.http11.Http11NioProtocol -------- Destroying ProtocolHandler ["http-nio-8080"]
08:58:32.402 [main] INFO       o.s.b.a.l.ConditionEvaluationReportLoggingListener -------- 

Error starting ApplicationContext. To display the conditions report re-run your application with 'debug' enabled.
08:58:32.421 [main] ERROR      o.s.b.d.LoggingFailureAnalysisReporter -------- 

***************************
APPLICATION FAILED TO START
***************************

Description:

Web server failed to start. Port 8080 was already in use.

Action:

Identify and stop the process that's listening on port 8080 or configure this application to listen on another port.

08:58:51.804 [main] INFO       c.h.journalApp.JournalApplication -------- Starting JournalApplication using Java 1.8.0_202 on LENOVO-PG02KN0K with PID 15412 (C:\Users\hemantp\Desktop\Spring Boot\journalApp\target\classes started by hemantp in C:\Users\hemantp\Desktop\Spring Boot\journalApp)
08:58:51.808 [main] INFO       c.h.journalApp.JournalApplication -------- The following 1 profile is active: "dev"
08:58:52.629 [main] INFO       o.s.d.r.c.RepositoryConfigurationDelegate -------- Bootstrapping Spring Data MongoDB repositories in DEFAULT mode.
08:58:52.787 [main] INFO       o.s.d.r.c.RepositoryConfigurationDelegate -------- Finished Spring Data repository scanning in 154 ms. Found 2 MongoDB repository interfaces.
08:58:53.554 [main] INFO       o.s.b.w.e.tomcat.TomcatWebServer -------- Tomcat initialized with port(s): 8080 (http)
08:58:53.566 [main] INFO       o.a.coyote.http11.Http11NioProtocol -------- Initializing ProtocolHandler ["http-nio-8080"]
08:58:53.569 [main] INFO       o.a.catalina.core.StandardService -------- Starting service [Tomcat]
08:58:53.569 [main] INFO       o.a.catalina.core.StandardEngine -------- Starting Servlet engine: [Apache Tomcat/9.0.82]
08:58:53.759 [main] INFO       o.a.c.c.C.[.[localhost].[/journal] -------- Initializing Spring embedded WebApplicationContext
08:58:53.759 [main] INFO       o.s.b.w.s.c.ServletWebServerApplicationContext -------- Root WebApplicationContext: initialization completed in 1881 ms
08:58:55.145 [main] INFO       org.mongodb.driver.client -------- MongoClient with metadata {"driver": {"name": "mongo-java-driver|sync|spring-boot", "version": "4.6.1"}, "os": {"type": "Windows", "name": "Windows 10", "architecture": "amd64", "version": "10.0"}, "platform": "Java/Oracle Corporation/1.8.0_202-b08"} created with settings MongoClientSettings{readPreference=primary, writeConcern=WriteConcern{w=majority, wTimeout=null ms, journal=null}, retryWrites=true, retryReads=true, readConcern=ReadConcern{level=null}, credential=MongoCredential{mechanism=null, userName='hp9769hp', source='admin', password=<hidden>, mechanismProperties=<hidden>}, streamFactoryFactory=null, commandListeners=[], codecRegistry=ProvidersCodecRegistry{codecProviders=[ValueCodecProvider{}, BsonValueCodecProvider{}, DBRefCodecProvider{}, DBObjectCodecProvider{}, DocumentCodecProvider{}, IterableCodecProvider{}, MapCodecProvider{}, GeoJsonCodecProvider{}, GridFSFileCodecProvider{}, Jsr310CodecProvider{}, JsonObjectCodecProvider{}, BsonCodecProvider{}, EnumCodecProvider{}, com.mongodb.Jep395RecordCodecProvider@665522c2]}, clusterSettings={hosts=[127.0.0.1:27017], srvHost=cluster0.vn7y1jw.mongodb.net, srvServiceName=mongodb, mode=MULTIPLE, requiredClusterType=REPLICA_SET, requiredReplicaSetName='atlas-3mdhmm-shard-0', serverSelector='null', clusterListeners='[]', serverSelectionTimeout='30000 ms', localThreshold='30000 ms'}, socketSettings=SocketSettings{connectTimeoutMS=10000, readTimeoutMS=0, receiveBufferSize=0, sendBufferSize=0}, heartbeatSocketSettings=SocketSettings{connectTimeoutMS=10000, readTimeoutMS=10000, receiveBufferSize=0, sendBufferSize=0}, connectionPoolSettings=ConnectionPoolSettings{maxSize=100, minSize=0, maxWaitTimeMS=120000, maxConnectionLifeTimeMS=0, maxConnectionIdleTimeMS=0, maintenanceInitialDelayMS=0, maintenanceFrequencyMS=60000, connectionPoolListeners=[], maxConnecting=2}, serverSettings=ServerSettings{heartbeatFrequencyMS=10000, minHeartbeatFrequencyMS=500, serverListeners='[]', serverMonitorListeners='[]'}, sslSettings=SslSettings{enabled=true, invalidHostNameAllowed=false, context=null}, applicationName='null', compressorList=[], uuidRepresentation=JAVA_LEGACY, serverApi=null, autoEncryptionSettings=null, contextProvider=null}
08:58:55.408 [main] INFO       org.mongodb.driver.cluster -------- Cluster description not yet available. Waiting for 30000 ms before timing out
08:58:56.148 [cluster-ClusterId{value='65d41c7727e51744928e01ef', description='null'}-srv-cluster0.vn7y1jw.mongodb.net] INFO       org.mongodb.driver.cluster -------- Adding discovered server ac-6y1uld4-shard-00-02.vn7y1jw.mongodb.net:27017 to client view of cluster
08:58:56.167 [cluster-ClusterId{value='65d41c7727e51744928e01ef', description='null'}-srv-cluster0.vn7y1jw.mongodb.net] INFO       org.mongodb.driver.cluster -------- Adding discovered server ac-6y1uld4-shard-00-00.vn7y1jw.mongodb.net:27017 to client view of cluster
08:58:56.168 [cluster-ClusterId{value='65d41c7727e51744928e01ef', description='null'}-srv-cluster0.vn7y1jw.mongodb.net] INFO       org.mongodb.driver.cluster -------- Adding discovered server ac-6y1uld4-shard-00-01.vn7y1jw.mongodb.net:27017 to client view of cluster
08:58:56.179 [main] INFO       org.mongodb.driver.cluster -------- No server chosen by com.mongodb.client.internal.MongoClientDelegate$1@2f0bfe17 from cluster description ClusterDescription{type=REPLICA_SET, connectionMode=MULTIPLE, serverDescriptions=[ServerDescription{address=ac-6y1uld4-shard-00-01.vn7y1jw.mongodb.net:27017, type=UNKNOWN, state=CONNECTING}, ServerDescription{address=ac-6y1uld4-shard-00-00.vn7y1jw.mongodb.net:27017, type=UNKNOWN, state=CONNECTING}, ServerDescription{address=ac-6y1uld4-shard-00-02.vn7y1jw.mongodb.net:27017, type=UNKNOWN, state=CONNECTING}]}. Waiting for 30000 ms before timing out
08:58:56.817 [cluster-rtt-ClusterId{value='65d41c7727e51744928e01ef', description='null'}-ac-6y1uld4-shard-00-01.vn7y1jw.mongodb.net:27017] INFO       org.mongodb.driver.connection -------- Opened connection [connectionId{localValue:3, serverValue:14378}] to ac-6y1uld4-shard-00-01.vn7y1jw.mongodb.net:27017
08:58:56.817 [cluster-ClusterId{value='65d41c7727e51744928e01ef', description='null'}-ac-6y1uld4-shard-00-01.vn7y1jw.mongodb.net:27017] INFO       org.mongodb.driver.connection -------- Opened connection [connectionId{localValue:2, serverValue:14387}] to ac-6y1uld4-shard-00-01.vn7y1jw.mongodb.net:27017
08:58:56.817 [cluster-rtt-ClusterId{value='65d41c7727e51744928e01ef', description='null'}-ac-6y1uld4-shard-00-00.vn7y1jw.mongodb.net:27017] INFO       org.mongodb.driver.connection -------- Opened connection [connectionId{localValue:5, serverValue:15823}] to ac-6y1uld4-shard-00-00.vn7y1jw.mongodb.net:27017
08:58:56.817 [cluster-rtt-ClusterId{value='65d41c7727e51744928e01ef', description='null'}-ac-6y1uld4-shard-00-02.vn7y1jw.mongodb.net:27017] INFO       org.mongodb.driver.connection -------- Opened connection [connectionId{localValue:4, serverValue:15938}] to ac-6y1uld4-shard-00-02.vn7y1jw.mongodb.net:27017
08:58:56.817 [cluster-ClusterId{value='65d41c7727e51744928e01ef', description='null'}-ac-6y1uld4-shard-00-00.vn7y1jw.mongodb.net:27017] INFO       org.mongodb.driver.connection -------- Opened connection [connectionId{localValue:6, serverValue:15823}] to ac-6y1uld4-shard-00-00.vn7y1jw.mongodb.net:27017
08:58:56.817 [cluster-ClusterId{value='65d41c7727e51744928e01ef', description='null'}-ac-6y1uld4-shard-00-02.vn7y1jw.mongodb.net:27017] INFO       org.mongodb.driver.connection -------- Opened connection [connectionId{localValue:1, serverValue:15934}] to ac-6y1uld4-shard-00-02.vn7y1jw.mongodb.net:27017
08:58:56.817 [cluster-ClusterId{value='65d41c7727e51744928e01ef', description='null'}-ac-6y1uld4-shard-00-01.vn7y1jw.mongodb.net:27017] INFO       org.mongodb.driver.cluster -------- Monitor thread successfully connected to server with description ServerDescription{address=ac-6y1uld4-shard-00-01.vn7y1jw.mongodb.net:27017, type=REPLICA_SET_SECONDARY, state=CONNECTED, ok=true, minWireVersion=0, maxWireVersion=17, maxDocumentSize=16777216, logicalSessionTimeoutMinutes=30, roundTripTimeNanos=290585800, setName='atlas-3mdhmm-shard-0', canonicalAddress=ac-6y1uld4-shard-00-01.vn7y1jw.mongodb.net:27017, hosts=[ac-6y1uld4-shard-00-01.vn7y1jw.mongodb.net:27017, ac-6y1uld4-shard-00-02.vn7y1jw.mongodb.net:27017, ac-6y1uld4-shard-00-00.vn7y1jw.mongodb.net:27017], passives=[], arbiters=[], primary='ac-6y1uld4-shard-00-02.vn7y1jw.mongodb.net:27017', tagSet=TagSet{[Tag{name='availabilityZone', value='aps1-az3'}, Tag{name='diskState', value='READY'}, Tag{name='nodeType', value='ELECTABLE'}, Tag{name='provider', value='AWS'}, Tag{name='region', value='AP_SOUTH_1'}, Tag{name='workloadType', value='OPERATIONAL'}]}, electionId=null, setVersion=11, topologyVersion=TopologyVersion{processId=65d36140a826e5dce8634c70, counter=3}, lastWriteDate=Tue Feb 20 08:58:15 IST 2024, lastUpdateTimeNanos=47737530517200}
08:58:56.818 [cluster-ClusterId{value='65d41c7727e51744928e01ef', description='null'}-ac-6y1uld4-shard-00-02.vn7y1jw.mongodb.net:27017] INFO       org.mongodb.driver.cluster -------- Monitor thread successfully connected to server with description ServerDescription{address=ac-6y1uld4-shard-00-02.vn7y1jw.mongodb.net:27017, type=REPLICA_SET_PRIMARY, state=CONNECTED, ok=true, minWireVersion=0, maxWireVersion=17, maxDocumentSize=16777216, logicalSessionTimeoutMinutes=30, roundTripTimeNanos=290590300, setName='atlas-3mdhmm-shard-0', canonicalAddress=ac-6y1uld4-shard-00-02.vn7y1jw.mongodb.net:27017, hosts=[ac-6y1uld4-shard-00-01.vn7y1jw.mongodb.net:27017, ac-6y1uld4-shard-00-02.vn7y1jw.mongodb.net:27017, ac-6y1uld4-shard-00-00.vn7y1jw.mongodb.net:27017], passives=[], arbiters=[], primary='ac-6y1uld4-shard-00-02.vn7y1jw.mongodb.net:27017', tagSet=TagSet{[Tag{name='availabilityZone', value='aps1-az2'}, Tag{name='diskState', value='READY'}, Tag{name='nodeType', value='ELECTABLE'}, Tag{name='provider', value='AWS'}, Tag{name='region', value='AP_SOUTH_1'}, Tag{name='workloadType', value='OPERATIONAL'}]}, electionId=7fffffff00000000000000d7, setVersion=11, topologyVersion=TopologyVersion{processId=65d35ffd37f8a9750f695cfb, counter=6}, lastWriteDate=Tue Feb 20 08:58:15 IST 2024, lastUpdateTimeNanos=47737530517200}
08:58:56.818 [cluster-ClusterId{value='65d41c7727e51744928e01ef', description='null'}-ac-6y1uld4-shard-00-00.vn7y1jw.mongodb.net:27017] INFO       org.mongodb.driver.cluster -------- Monitor thread successfully connected to server with description ServerDescription{address=ac-6y1uld4-shard-00-00.vn7y1jw.mongodb.net:27017, type=REPLICA_SET_SECONDARY, state=CONNECTED, ok=true, minWireVersion=0, maxWireVersion=17, maxDocumentSize=16777216, logicalSessionTimeoutMinutes=30, roundTripTimeNanos=290587100, setName='atlas-3mdhmm-shard-0', canonicalAddress=ac-6y1uld4-shard-00-00.vn7y1jw.mongodb.net:27017, hosts=[ac-6y1uld4-shard-00-01.vn7y1jw.mongodb.net:27017, ac-6y1uld4-shard-00-02.vn7y1jw.mongodb.net:27017, ac-6y1uld4-shard-00-00.vn7y1jw.mongodb.net:27017], passives=[], arbiters=[], primary='ac-6y1uld4-shard-00-02.vn7y1jw.mongodb.net:27017', tagSet=TagSet{[Tag{name='availabilityZone', value='aps1-az1'}, Tag{name='diskState', value='READY'}, Tag{name='nodeType', value='ELECTABLE'}, Tag{name='provider', value='AWS'}, Tag{name='region', value='AP_SOUTH_1'}, Tag{name='workloadType', value='OPERATIONAL'}]}, electionId=null, setVersion=11, topologyVersion=TopologyVersion{processId=65d35e9afc7d5eda050eedb6, counter=4}, lastWriteDate=Tue Feb 20 08:58:15 IST 2024, lastUpdateTimeNanos=47737530518900}
08:58:56.821 [cluster-ClusterId{value='65d41c7727e51744928e01ef', description='null'}-ac-6y1uld4-shard-00-02.vn7y1jw.mongodb.net:27017] INFO       org.mongodb.driver.cluster -------- Setting max election id to 7fffffff00000000000000d7 from replica set primary ac-6y1uld4-shard-00-02.vn7y1jw.mongodb.net:27017
08:58:56.821 [cluster-ClusterId{value='65d41c7727e51744928e01ef', description='null'}-ac-6y1uld4-shard-00-02.vn7y1jw.mongodb.net:27017] INFO       org.mongodb.driver.cluster -------- Setting max set version to 11 from replica set primary ac-6y1uld4-shard-00-02.vn7y1jw.mongodb.net:27017
08:58:56.821 [cluster-ClusterId{value='65d41c7727e51744928e01ef', description='null'}-ac-6y1uld4-shard-00-02.vn7y1jw.mongodb.net:27017] INFO       org.mongodb.driver.cluster -------- Discovered replica set primary ac-6y1uld4-shard-00-02.vn7y1jw.mongodb.net:27017
08:58:56.961 [main] INFO       org.mongodb.driver.connection -------- Opened connection [connectionId{localValue:7, serverValue:15982}] to ac-6y1uld4-shard-00-02.vn7y1jw.mongodb.net:27017
08:58:57.302 [main] INFO       o.s.s.web.DefaultSecurityFilterChain -------- Will secure any request with [org.springframework.security.web.session.DisableEncodeUrlFilter@2e1b374c, org.springframework.security.web.context.request.async.WebAsyncManagerIntegrationFilter@3fcee3d9, org.springframework.security.web.context.SecurityContextPersistenceFilter@16a2ed51, org.springframework.security.web.header.HeaderWriterFilter@26837057, org.springframework.security.web.authentication.logout.LogoutFilter@52227eb2, org.springframework.security.web.authentication.www.BasicAuthenticationFilter@9b5f3c7, org.springframework.security.web.savedrequest.RequestCacheAwareFilter@57ddd45b, org.springframework.security.web.servletapi.SecurityContextHolderAwareRequestFilter@342e690b, org.springframework.security.web.authentication.AnonymousAuthenticationFilter@9c93d16, org.springframework.security.web.session.SessionManagementFilter@568750b7, org.springframework.security.web.access.ExceptionTranslationFilter@10b687f2, org.springframework.security.web.access.intercept.FilterSecurityInterceptor@daf22f0]
08:58:57.651 [main] INFO       o.a.coyote.http11.Http11NioProtocol -------- Starting ProtocolHandler ["http-nio-8080"]
08:58:57.699 [main] INFO       o.s.b.w.e.tomcat.TomcatWebServer -------- Tomcat started on port(s): 8080 (http) with context path '/journal'
08:58:57.709 [main] INFO       c.h.journalApp.JournalApplication -------- Started JournalApplication in 6.386 seconds (JVM running for 6.929)
09:00:05.521 [main] INFO       c.h.journalApp.JournalApplication -------- Starting JournalApplication using Java 1.8.0_202 on LENOVO-PG02KN0K with PID 15496 (C:\Users\hemantp\Desktop\Spring Boot\journalApp\target\classes started by hemantp in C:\Users\hemantp\Desktop\Spring Boot\journalApp)
09:00:05.523 [main] INFO       c.h.journalApp.JournalApplication -------- The following 1 profile is active: "dev"
09:00:06.213 [main] INFO       o.s.d.r.c.RepositoryConfigurationDelegate -------- Bootstrapping Spring Data MongoDB repositories in DEFAULT mode.
09:00:06.410 [main] INFO       o.s.d.r.c.RepositoryConfigurationDelegate -------- Finished Spring Data repository scanning in 190 ms. Found 2 MongoDB repository interfaces.
09:00:07.184 [main] INFO       o.s.b.w.e.tomcat.TomcatWebServer -------- Tomcat initialized with port(s): 8080 (http)
09:00:07.196 [main] INFO       o.a.coyote.http11.Http11NioProtocol -------- Initializing ProtocolHandler ["http-nio-8080"]
09:00:07.199 [main] INFO       o.a.catalina.core.StandardService -------- Starting service [Tomcat]
09:00:07.199 [main] INFO       o.a.catalina.core.StandardEngine -------- Starting Servlet engine: [Apache Tomcat/9.0.82]
09:00:07.385 [main] INFO       o.a.c.c.C.[.[localhost].[/journal] -------- Initializing Spring embedded WebApplicationContext
09:00:07.386 [main] INFO       o.s.b.w.s.c.ServletWebServerApplicationContext -------- Root WebApplicationContext: initialization completed in 1802 ms
09:00:09.057 [main] INFO       org.mongodb.driver.client -------- MongoClient with metadata {"driver": {"name": "mongo-java-driver|sync|spring-boot", "version": "4.6.1"}, "os": {"type": "Windows", "name": "Windows 10", "architecture": "amd64", "version": "10.0"}, "platform": "Java/Oracle Corporation/1.8.0_202-b08"} created with settings MongoClientSettings{readPreference=primary, writeConcern=WriteConcern{w=majority, wTimeout=null ms, journal=null}, retryWrites=true, retryReads=true, readConcern=ReadConcern{level=null}, credential=MongoCredential{mechanism=null, userName='hp9769hp', source='admin', password=<hidden>, mechanismProperties=<hidden>}, streamFactoryFactory=null, commandListeners=[], codecRegistry=ProvidersCodecRegistry{codecProviders=[ValueCodecProvider{}, BsonValueCodecProvider{}, DBRefCodecProvider{}, DBObjectCodecProvider{}, DocumentCodecProvider{}, IterableCodecProvider{}, MapCodecProvider{}, GeoJsonCodecProvider{}, GridFSFileCodecProvider{}, Jsr310CodecProvider{}, JsonObjectCodecProvider{}, BsonCodecProvider{}, EnumCodecProvider{}, com.mongodb.Jep395RecordCodecProvider@2123064f]}, clusterSettings={hosts=[127.0.0.1:27017], srvHost=cluster0.vn7y1jw.mongodb.net, srvServiceName=mongodb, mode=MULTIPLE, requiredClusterType=REPLICA_SET, requiredReplicaSetName='atlas-3mdhmm-shard-0', serverSelector='null', clusterListeners='[]', serverSelectionTimeout='30000 ms', localThreshold='30000 ms'}, socketSettings=SocketSettings{connectTimeoutMS=10000, readTimeoutMS=0, receiveBufferSize=0, sendBufferSize=0}, heartbeatSocketSettings=SocketSettings{connectTimeoutMS=10000, readTimeoutMS=10000, receiveBufferSize=0, sendBufferSize=0}, connectionPoolSettings=ConnectionPoolSettings{maxSize=100, minSize=0, maxWaitTimeMS=120000, maxConnectionLifeTimeMS=0, maxConnectionIdleTimeMS=0, maintenanceInitialDelayMS=0, maintenanceFrequencyMS=60000, connectionPoolListeners=[], maxConnecting=2}, serverSettings=ServerSettings{heartbeatFrequencyMS=10000, minHeartbeatFrequencyMS=500, serverListeners='[]', serverMonitorListeners='[]'}, sslSettings=SslSettings{enabled=true, invalidHostNameAllowed=false, context=null}, applicationName='null', compressorList=[], uuidRepresentation=JAVA_LEGACY, serverApi=null, autoEncryptionSettings=null, contextProvider=null}
09:00:09.695 [main] INFO       org.mongodb.driver.cluster -------- Cluster description not yet available. Waiting for 30000 ms before timing out
09:00:10.010 [cluster-ClusterId{value='65d41cc0dee9433e86efc67f', description='null'}-srv-cluster0.vn7y1jw.mongodb.net] INFO       org.mongodb.driver.cluster -------- Adding discovered server ac-6y1uld4-shard-00-02.vn7y1jw.mongodb.net:27017 to client view of cluster
09:00:10.066 [cluster-ClusterId{value='65d41cc0dee9433e86efc67f', description='null'}-srv-cluster0.vn7y1jw.mongodb.net] INFO       org.mongodb.driver.cluster -------- Adding discovered server ac-6y1uld4-shard-00-00.vn7y1jw.mongodb.net:27017 to client view of cluster
09:00:10.069 [cluster-ClusterId{value='65d41cc0dee9433e86efc67f', description='null'}-srv-cluster0.vn7y1jw.mongodb.net] INFO       org.mongodb.driver.cluster -------- Adding discovered server ac-6y1uld4-shard-00-01.vn7y1jw.mongodb.net:27017 to client view of cluster
09:00:10.083 [main] INFO       org.mongodb.driver.cluster -------- No server chosen by com.mongodb.client.internal.MongoClientDelegate$1@43aeb5e0 from cluster description ClusterDescription{type=REPLICA_SET, connectionMode=MULTIPLE, serverDescriptions=[ServerDescription{address=ac-6y1uld4-shard-00-01.vn7y1jw.mongodb.net:27017, type=UNKNOWN, state=CONNECTING}, ServerDescription{address=ac-6y1uld4-shard-00-00.vn7y1jw.mongodb.net:27017, type=UNKNOWN, state=CONNECTING}, ServerDescription{address=ac-6y1uld4-shard-00-02.vn7y1jw.mongodb.net:27017, type=UNKNOWN, state=CONNECTING}]}. Waiting for 30000 ms before timing out
09:00:11.292 [cluster-rtt-ClusterId{value='65d41cc0dee9433e86efc67f', description='null'}-ac-6y1uld4-shard-00-00.vn7y1jw.mongodb.net:27017] INFO       org.mongodb.driver.connection -------- Opened connection [connectionId{localValue:1, serverValue:15840}] to ac-6y1uld4-shard-00-00.vn7y1jw.mongodb.net:27017
09:00:11.292 [cluster-rtt-ClusterId{value='65d41cc0dee9433e86efc67f', description='null'}-ac-6y1uld4-shard-00-02.vn7y1jw.mongodb.net:27017] INFO       org.mongodb.driver.connection -------- Opened connection [connectionId{localValue:2, serverValue:15961}] to ac-6y1uld4-shard-00-02.vn7y1jw.mongodb.net:27017
09:00:11.292 [cluster-ClusterId{value='65d41cc0dee9433e86efc67f', description='null'}-ac-6y1uld4-shard-00-00.vn7y1jw.mongodb.net:27017] INFO       org.mongodb.driver.connection -------- Opened connection [connectionId{localValue:6, serverValue:15840}] to ac-6y1uld4-shard-00-00.vn7y1jw.mongodb.net:27017
09:00:11.292 [cluster-ClusterId{value='65d41cc0dee9433e86efc67f', description='null'}-ac-6y1uld4-shard-00-02.vn7y1jw.mongodb.net:27017] INFO       org.mongodb.driver.connection -------- Opened connection [connectionId{localValue:3, serverValue:15898}] to ac-6y1uld4-shard-00-02.vn7y1jw.mongodb.net:27017
09:00:11.292 [cluster-rtt-ClusterId{value='65d41cc0dee9433e86efc67f', description='null'}-ac-6y1uld4-shard-00-01.vn7y1jw.mongodb.net:27017] INFO       org.mongodb.driver.connection -------- Opened connection [connectionId{localValue:4, serverValue:14406}] to ac-6y1uld4-shard-00-01.vn7y1jw.mongodb.net:27017
09:00:11.292 [cluster-ClusterId{value='65d41cc0dee9433e86efc67f', description='null'}-ac-6y1uld4-shard-00-01.vn7y1jw.mongodb.net:27017] INFO       org.mongodb.driver.connection -------- Opened connection [connectionId{localValue:5, serverValue:14406}] to ac-6y1uld4-shard-00-01.vn7y1jw.mongodb.net:27017
09:00:11.301 [cluster-ClusterId{value='65d41cc0dee9433e86efc67f', description='null'}-ac-6y1uld4-shard-00-02.vn7y1jw.mongodb.net:27017] INFO       org.mongodb.driver.cluster -------- Monitor thread successfully connected to server with description ServerDescription{address=ac-6y1uld4-shard-00-02.vn7y1jw.mongodb.net:27017, type=REPLICA_SET_PRIMARY, state=CONNECTED, ok=true, minWireVersion=0, maxWireVersion=17, maxDocumentSize=16777216, logicalSessionTimeoutMinutes=30, roundTripTimeNanos=323752600, setName='atlas-3mdhmm-shard-0', canonicalAddress=ac-6y1uld4-shard-00-02.vn7y1jw.mongodb.net:27017, hosts=[ac-6y1uld4-shard-00-01.vn7y1jw.mongodb.net:27017, ac-6y1uld4-shard-00-02.vn7y1jw.mongodb.net:27017, ac-6y1uld4-shard-00-00.vn7y1jw.mongodb.net:27017], passives=[], arbiters=[], primary='ac-6y1uld4-shard-00-02.vn7y1jw.mongodb.net:27017', tagSet=TagSet{[Tag{name='availabilityZone', value='aps1-az2'}, Tag{name='diskState', value='READY'}, Tag{name='nodeType', value='ELECTABLE'}, Tag{name='provider', value='AWS'}, Tag{name='region', value='AP_SOUTH_1'}, Tag{name='workloadType', value='OPERATIONAL'}]}, electionId=7fffffff00000000000000d7, setVersion=11, topologyVersion=TopologyVersion{processId=65d35ffd37f8a9750f695cfb, counter=6}, lastWriteDate=Tue Feb 20 08:59:29 IST 2024, lastUpdateTimeNanos=47812004643000}
09:00:11.301 [cluster-ClusterId{value='65d41cc0dee9433e86efc67f', description='null'}-ac-6y1uld4-shard-00-01.vn7y1jw.mongodb.net:27017] INFO       org.mongodb.driver.cluster -------- Monitor thread successfully connected to server with description ServerDescription{address=ac-6y1uld4-shard-00-01.vn7y1jw.mongodb.net:27017, type=REPLICA_SET_SECONDARY, state=CONNECTED, ok=true, minWireVersion=0, maxWireVersion=17, maxDocumentSize=16777216, logicalSessionTimeoutMinutes=30, roundTripTimeNanos=323745400, setName='atlas-3mdhmm-shard-0', canonicalAddress=ac-6y1uld4-shard-00-01.vn7y1jw.mongodb.net:27017, hosts=[ac-6y1uld4-shard-00-01.vn7y1jw.mongodb.net:27017, ac-6y1uld4-shard-00-02.vn7y1jw.mongodb.net:27017, ac-6y1uld4-shard-00-00.vn7y1jw.mongodb.net:27017], passives=[], arbiters=[], primary='ac-6y1uld4-shard-00-02.vn7y1jw.mongodb.net:27017', tagSet=TagSet{[Tag{name='availabilityZone', value='aps1-az3'}, Tag{name='diskState', value='READY'}, Tag{name='nodeType', value='ELECTABLE'}, Tag{name='provider', value='AWS'}, Tag{name='region', value='AP_SOUTH_1'}, Tag{name='workloadType', value='OPERATIONAL'}]}, electionId=null, setVersion=11, topologyVersion=TopologyVersion{processId=65d36140a826e5dce8634c70, counter=3}, lastWriteDate=Tue Feb 20 08:59:29 IST 2024, lastUpdateTimeNanos=47812004642400}
09:00:11.301 [cluster-ClusterId{value='65d41cc0dee9433e86efc67f', description='null'}-ac-6y1uld4-shard-00-00.vn7y1jw.mongodb.net:27017] INFO       org.mongodb.driver.cluster -------- Monitor thread successfully connected to server with description ServerDescription{address=ac-6y1uld4-shard-00-00.vn7y1jw.mongodb.net:27017, type=REPLICA_SET_SECONDARY, state=CONNECTED, ok=true, minWireVersion=0, maxWireVersion=17, maxDocumentSize=16777216, logicalSessionTimeoutMinutes=30, roundTripTimeNanos=323690300, setName='atlas-3mdhmm-shard-0', canonicalAddress=ac-6y1uld4-shard-00-00.vn7y1jw.mongodb.net:27017, hosts=[ac-6y1uld4-shard-00-01.vn7y1jw.mongodb.net:27017, ac-6y1uld4-shard-00-02.vn7y1jw.mongodb.net:27017, ac-6y1uld4-shard-00-00.vn7y1jw.mongodb.net:27017], passives=[], arbiters=[], primary='ac-6y1uld4-shard-00-02.vn7y1jw.mongodb.net:27017', tagSet=TagSet{[Tag{name='availabilityZone', value='aps1-az1'}, Tag{name='diskState', value='READY'}, Tag{name='nodeType', value='ELECTABLE'}, Tag{name='provider', value='AWS'}, Tag{name='region', value='AP_SOUTH_1'}, Tag{name='workloadType', value='OPERATIONAL'}]}, electionId=null, setVersion=11, topologyVersion=TopologyVersion{processId=65d35e9afc7d5eda050eedb6, counter=4}, lastWriteDate=Tue Feb 20 08:59:29 IST 2024, lastUpdateTimeNanos=47812004642700}
09:00:11.309 [cluster-ClusterId{value='65d41cc0dee9433e86efc67f', description='null'}-ac-6y1uld4-shard-00-02.vn7y1jw.mongodb.net:27017] INFO       org.mongodb.driver.cluster -------- Setting max election id to 7fffffff00000000000000d7 from replica set primary ac-6y1uld4-shard-00-02.vn7y1jw.mongodb.net:27017
09:00:11.309 [cluster-ClusterId{value='65d41cc0dee9433e86efc67f', description='null'}-ac-6y1uld4-shard-00-02.vn7y1jw.mongodb.net:27017] INFO       org.mongodb.driver.cluster -------- Setting max set version to 11 from replica set primary ac-6y1uld4-shard-00-02.vn7y1jw.mongodb.net:27017
09:00:11.309 [cluster-ClusterId{value='65d41cc0dee9433e86efc67f', description='null'}-ac-6y1uld4-shard-00-02.vn7y1jw.mongodb.net:27017] INFO       org.mongodb.driver.cluster -------- Discovered replica set primary ac-6y1uld4-shard-00-02.vn7y1jw.mongodb.net:27017
09:00:11.519 [main] INFO       org.mongodb.driver.connection -------- Opened connection [connectionId{localValue:7, serverValue:15975}] to ac-6y1uld4-shard-00-02.vn7y1jw.mongodb.net:27017
09:00:12.321 [main] INFO       o.s.s.web.DefaultSecurityFilterChain -------- Will secure any request with [org.springframework.security.web.session.DisableEncodeUrlFilter@5995851e, org.springframework.security.web.context.request.async.WebAsyncManagerIntegrationFilter@48a2db72, org.springframework.security.web.context.SecurityContextPersistenceFilter@781711b7, org.springframework.security.web.header.HeaderWriterFilter@3b332962, org.springframework.security.web.authentication.logout.LogoutFilter@f2a1813, org.springframework.security.web.authentication.www.BasicAuthenticationFilter@9ab310b, org.springframework.security.web.savedrequest.RequestCacheAwareFilter@642ee49c, org.springframework.security.web.servletapi.SecurityContextHolderAwareRequestFilter@4e224df5, org.springframework.security.web.authentication.AnonymousAuthenticationFilter@51bddd98, org.springframework.security.web.session.SessionManagementFilter@3596b249, org.springframework.security.web.access.ExceptionTranslationFilter@3e28fee1, org.springframework.security.web.access.intercept.FilterSecurityInterceptor@671ea6ff]
09:00:13.148 [main] INFO       o.a.coyote.http11.Http11NioProtocol -------- Starting ProtocolHandler ["http-nio-8080"]
09:00:13.187 [main] INFO       o.s.b.w.e.tomcat.TomcatWebServer -------- Tomcat started on port(s): 8080 (http) with context path '/journal'
09:00:13.209 [main] INFO       c.h.journalApp.JournalApplication -------- Started JournalApplication in 8.114 seconds (JVM running for 8.648)
09:10:44.965 [main] ERROR      o.s.boot.SpringApplication -------- Application run failed
java.lang.IllegalStateException: java.lang.IllegalStateException: Logback configuration error detected: 
ERROR in ch.qos.logback.core.rolling.RollingFileAppender[myFileAppender] - File property must be set before any triggeringPolicy or rollingPolicy properties
ERROR in ch.qos.logback.core.rolling.RollingFileAppender[myFileAppender] - For more information, please visit http://logback.qos.ch/codes.html#rfa_file_after
	at org.springframework.boot.context.logging.LoggingApplicationListener.initializeSystem(LoggingApplicationListener.java:344)
	at org.springframework.boot.context.logging.LoggingApplicationListener.initialize(LoggingApplicationListener.java:298)
	at org.springframework.boot.context.logging.LoggingApplicationListener.onApplicationEnvironmentPreparedEvent(LoggingApplicationListener.java:246)
	at org.springframework.boot.context.logging.LoggingApplicationListener.onApplicationEvent(LoggingApplicationListener.java:223)
	at org.springframework.context.event.SimpleApplicationEventMulticaster.doInvokeListener(SimpleApplicationEventMulticaster.java:178)
	at org.springframework.context.event.SimpleApplicationEventMulticaster.invokeListener(SimpleApplicationEventMulticaster.java:171)
	at org.springframework.context.event.SimpleApplicationEventMulticaster.multicastEvent(SimpleApplicationEventMulticaster.java:145)
	at org.springframework.context.event.SimpleApplicationEventMulticaster.multicastEvent(SimpleApplicationEventMulticaster.java:133)
	at org.springframework.boot.context.event.EventPublishingRunListener.environmentPrepared(EventPublishingRunListener.java:85)
	at org.springframework.boot.SpringApplicationRunListeners.lambda$environmentPrepared$2(SpringApplicationRunListeners.java:66)
	at java.util.ArrayList.forEach(ArrayList.java:1257)
	at org.springframework.boot.SpringApplicationRunListeners.doWithListeners(SpringApplicationRunListeners.java:120)
	at org.springframework.boot.SpringApplicationRunListeners.doWithListeners(SpringApplicationRunListeners.java:114)
	at org.springframework.boot.SpringApplicationRunListeners.environmentPrepared(SpringApplicationRunListeners.java:65)
	at org.springframework.boot.SpringApplication.prepareEnvironment(SpringApplication.java:344)
	at org.springframework.boot.SpringApplication.run(SpringApplication.java:302)
	at org.springframework.boot.SpringApplication.run(SpringApplication.java:1300)
	at org.springframework.boot.SpringApplication.run(SpringApplication.java:1289)
	at com.hemantPandey.journalApp.JournalApplication.main(JournalApplication.java:19)
Caused by: java.lang.IllegalStateException: Logback configuration error detected: 
ERROR in ch.qos.logback.core.rolling.RollingFileAppender[myFileAppender] - File property must be set before any triggeringPolicy or rollingPolicy properties
ERROR in ch.qos.logback.core.rolling.RollingFileAppender[myFileAppender] - For more information, please visit http://logback.qos.ch/codes.html#rfa_file_after
	at org.springframework.boot.logging.logback.LogbackLoggingSystem.reportConfigurationErrorsIfNecessary(LogbackLoggingSystem.java:189)
	at org.springframework.boot.logging.logback.LogbackLoggingSystem.loadConfiguration(LogbackLoggingSystem.java:170)
	at org.springframework.boot.logging.logback.LogbackLoggingSystem.reinitialize(LogbackLoggingSystem.java:243)
	at org.springframework.boot.logging.AbstractLoggingSystem.initializeWithConventions(AbstractLoggingSystem.java:73)
	at org.springframework.boot.logging.AbstractLoggingSystem.initialize(AbstractLoggingSystem.java:60)
	at org.springframework.boot.logging.logback.LogbackLoggingSystem.initialize(LogbackLoggingSystem.java:132)
	at org.springframework.boot.context.logging.LoggingApplicationListener.initializeSystem(LoggingApplicationListener.java:329)
	... 18 common frames omitted
