19:31:31.883 [cluster-ClusterId{value='65d41fdccd701e2a3d53dfd3', description='null'}-ac-6y1uld4-shard-00-00.vn7y1jw.mongodb.net:27017] INFO       org.mongodb.driver.cluster -------- Exception in monitor thread while connecting to server ac-6y1uld4-shard-00-00.vn7y1jw.mongodb.net:27017
com.mongodb.MongoSocketReadException: Exception receiving message
	at com.mongodb.internal.connection.InternalStreamConnection.translateReadException(InternalStreamConnection.java:702)
	at com.mongodb.internal.connection.InternalStreamConnection.receiveMessageWithAdditionalTimeout(InternalStreamConnection.java:574)
	at com.mongodb.internal.connection.InternalStreamConnection.receiveCommandMessageResponse(InternalStreamConnection.java:410)
	at com.mongodb.internal.connection.InternalStreamConnection.receive(InternalStreamConnection.java:369)
	at com.mongodb.internal.connection.DefaultServerMonitor$ServerMonitorRunnable.lookupServerDescription(DefaultServerMonitor.java:221)
	at com.mongodb.internal.connection.DefaultServerMonitor$ServerMonitorRunnable.run(DefaultServerMonitor.java:157)
	at java.lang.Thread.run(Thread.java:748)
Caused by: java.net.SocketException: Socket Closed
	at java.net.AbstractPlainSocketImpl.setOption(AbstractPlainSocketImpl.java:212)
	at java.net.PlainSocketImpl.setOption(PlainSocketImpl.java:176)
	at java.net.Socket.setSoTimeout(Socket.java:1141)
	at sun.security.ssl.BaseSSLSocketImpl.setSoTimeout(BaseSSLSocketImpl.java:631)
	at sun.security.ssl.SSLSocketImpl.setSoTimeout(SSLSocketImpl.java:2556)
	at com.mongodb.internal.connection.SocketStream.read(SocketStream.java:137)
	at com.mongodb.internal.connection.InternalStreamConnection.receiveResponseBuffers(InternalStreamConnection.java:713)
	at com.mongodb.internal.connection.InternalStreamConnection.receiveMessageWithAdditionalTimeout(InternalStreamConnection.java:571)
	... 5 common frames omitted
19:31:31.883 [cluster-ClusterId{value='65d41fdccd701e2a3d53dfd3', description='null'}-ac-6y1uld4-shard-00-01.vn7y1jw.mongodb.net:27017] INFO       org.mongodb.driver.cluster -------- Exception in monitor thread while connecting to server ac-6y1uld4-shard-00-01.vn7y1jw.mongodb.net:27017
com.mongodb.MongoSocketReadException: Exception receiving message
	at com.mongodb.internal.connection.InternalStreamConnection.translateReadException(InternalStreamConnection.java:702)
	at com.mongodb.internal.connection.InternalStreamConnection.receiveMessageWithAdditionalTimeout(InternalStreamConnection.java:574)
	at com.mongodb.internal.connection.InternalStreamConnection.receiveCommandMessageResponse(InternalStreamConnection.java:410)
	at com.mongodb.internal.connection.InternalStreamConnection.receive(InternalStreamConnection.java:369)
	at com.mongodb.internal.connection.DefaultServerMonitor$ServerMonitorRunnable.lookupServerDescription(DefaultServerMonitor.java:221)
	at com.mongodb.internal.connection.DefaultServerMonitor$ServerMonitorRunnable.run(DefaultServerMonitor.java:157)
	at java.lang.Thread.run(Thread.java:748)
Caused by: java.net.SocketException: Socket Closed
	at java.net.AbstractPlainSocketImpl.setOption(AbstractPlainSocketImpl.java:212)
	at java.net.PlainSocketImpl.setOption(PlainSocketImpl.java:176)
	at java.net.Socket.setSoTimeout(Socket.java:1141)
	at sun.security.ssl.BaseSSLSocketImpl.setSoTimeout(BaseSSLSocketImpl.java:631)
	at sun.security.ssl.SSLSocketImpl.setSoTimeout(SSLSocketImpl.java:2556)
	at com.mongodb.internal.connection.SocketStream.read(SocketStream.java:137)
	at com.mongodb.internal.connection.InternalStreamConnection.receiveResponseBuffers(InternalStreamConnection.java:713)
	at com.mongodb.internal.connection.InternalStreamConnection.receiveMessageWithAdditionalTimeout(InternalStreamConnection.java:571)
	... 5 common frames omitted
19:31:31.883 [cluster-ClusterId{value='65d41fdccd701e2a3d53dfd3', description='null'}-ac-6y1uld4-shard-00-02.vn7y1jw.mongodb.net:27017] INFO       org.mongodb.driver.cluster -------- Exception in monitor thread while connecting to server ac-6y1uld4-shard-00-02.vn7y1jw.mongodb.net:27017
com.mongodb.MongoSocketReadException: Exception receiving message
	at com.mongodb.internal.connection.InternalStreamConnection.translateReadException(InternalStreamConnection.java:702)
	at com.mongodb.internal.connection.InternalStreamConnection.receiveMessageWithAdditionalTimeout(InternalStreamConnection.java:574)
	at com.mongodb.internal.connection.InternalStreamConnection.receiveCommandMessageResponse(InternalStreamConnection.java:410)
	at com.mongodb.internal.connection.InternalStreamConnection.receive(InternalStreamConnection.java:369)
	at com.mongodb.internal.connection.DefaultServerMonitor$ServerMonitorRunnable.lookupServerDescription(DefaultServerMonitor.java:221)
	at com.mongodb.internal.connection.DefaultServerMonitor$ServerMonitorRunnable.run(DefaultServerMonitor.java:157)
	at java.lang.Thread.run(Thread.java:748)
Caused by: java.net.SocketException: Socket Closed
	at java.net.AbstractPlainSocketImpl.setOption(AbstractPlainSocketImpl.java:212)
	at java.net.PlainSocketImpl.setOption(PlainSocketImpl.java:176)
	at java.net.Socket.setSoTimeout(Socket.java:1141)
	at sun.security.ssl.BaseSSLSocketImpl.setSoTimeout(BaseSSLSocketImpl.java:631)
	at sun.security.ssl.SSLSocketImpl.setSoTimeout(SSLSocketImpl.java:2556)
	at com.mongodb.internal.connection.SocketStream.read(SocketStream.java:137)
	at com.mongodb.internal.connection.InternalStreamConnection.receiveResponseBuffers(InternalStreamConnection.java:713)
	at com.mongodb.internal.connection.InternalStreamConnection.receiveMessageWithAdditionalTimeout(InternalStreamConnection.java:571)
	... 5 common frames omitted
19:31:32.756 [cluster-ClusterId{value='65d41fdccd701e2a3d53dfd3', description='null'}-ac-6y1uld4-shard-00-00.vn7y1jw.mongodb.net:27017] INFO       org.mongodb.driver.connection -------- Opened connection [connectionId{localValue:8, serverValue:31393}] to ac-6y1uld4-shard-00-00.vn7y1jw.mongodb.net:27017
19:31:32.756 [cluster-ClusterId{value='65d41fdccd701e2a3d53dfd3', description='null'}-ac-6y1uld4-shard-00-02.vn7y1jw.mongodb.net:27017] INFO       org.mongodb.driver.connection -------- Opened connection [connectionId{localValue:9, serverValue:33079}] to ac-6y1uld4-shard-00-02.vn7y1jw.mongodb.net:27017
19:31:32.756 [cluster-ClusterId{value='65d41fdccd701e2a3d53dfd3', description='null'}-ac-6y1uld4-shard-00-00.vn7y1jw.mongodb.net:27017] INFO       org.mongodb.driver.cluster -------- Monitor thread successfully connected to server with description ServerDescription{address=ac-6y1uld4-shard-00-00.vn7y1jw.mongodb.net:27017, type=REPLICA_SET_SECONDARY, state=CONNECTED, ok=true, minWireVersion=0, maxWireVersion=17, maxDocumentSize=16777216, logicalSessionTimeoutMinutes=30, roundTripTimeNanos=154951300, setName='atlas-3mdhmm-shard-0', canonicalAddress=ac-6y1uld4-shard-00-00.vn7y1jw.mongodb.net:27017, hosts=[ac-6y1uld4-shard-00-01.vn7y1jw.mongodb.net:27017, ac-6y1uld4-shard-00-02.vn7y1jw.mongodb.net:27017, ac-6y1uld4-shard-00-00.vn7y1jw.mongodb.net:27017], passives=[], arbiters=[], primary='ac-6y1uld4-shard-00-02.vn7y1jw.mongodb.net:27017', tagSet=TagSet{[Tag{name='availabilityZone', value='aps1-az1'}, Tag{name='diskState', value='READY'}, Tag{name='nodeType', value='ELECTABLE'}, Tag{name='provider', value='AWS'}, Tag{name='region', value='AP_SOUTH_1'}, Tag{name='workloadType', value='OPERATIONAL'}]}, electionId=null, setVersion=11, topologyVersion=TopologyVersion{processId=65d35e9afc7d5eda050eedb6, counter=4}, lastWriteDate=Tue Feb 20 19:30:51 IST 2024, lastUpdateTimeNanos=85693470943700}
19:31:32.756 [cluster-ClusterId{value='65d41fdccd701e2a3d53dfd3', description='null'}-ac-6y1uld4-shard-00-02.vn7y1jw.mongodb.net:27017] INFO       org.mongodb.driver.cluster -------- Monitor thread successfully connected to server with description ServerDescription{address=ac-6y1uld4-shard-00-02.vn7y1jw.mongodb.net:27017, type=REPLICA_SET_PRIMARY, state=CONNECTED, ok=true, minWireVersion=0, maxWireVersion=17, maxDocumentSize=16777216, logicalSessionTimeoutMinutes=30, roundTripTimeNanos=154951200, setName='atlas-3mdhmm-shard-0', canonicalAddress=ac-6y1uld4-shard-00-02.vn7y1jw.mongodb.net:27017, hosts=[ac-6y1uld4-shard-00-01.vn7y1jw.mongodb.net:27017, ac-6y1uld4-shard-00-02.vn7y1jw.mongodb.net:27017, ac-6y1uld4-shard-00-00.vn7y1jw.mongodb.net:27017], passives=[], arbiters=[], primary='ac-6y1uld4-shard-00-02.vn7y1jw.mongodb.net:27017', tagSet=TagSet{[Tag{name='availabilityZone', value='aps1-az2'}, Tag{name='diskState', value='READY'}, Tag{name='nodeType', value='ELECTABLE'}, Tag{name='provider', value='AWS'}, Tag{name='region', value='AP_SOUTH_1'}, Tag{name='workloadType', value='OPERATIONAL'}]}, electionId=7fffffff00000000000000d7, setVersion=11, topologyVersion=TopologyVersion{processId=65d35ffd37f8a9750f695cfb, counter=6}, lastWriteDate=Tue Feb 20 19:30:51 IST 2024, lastUpdateTimeNanos=85693470943600}
19:31:32.757 [cluster-ClusterId{value='65d41fdccd701e2a3d53dfd3', description='null'}-ac-6y1uld4-shard-00-02.vn7y1jw.mongodb.net:27017] INFO       org.mongodb.driver.cluster -------- Discovered replica set primary ac-6y1uld4-shard-00-02.vn7y1jw.mongodb.net:27017
19:31:32.920 [cluster-ClusterId{value='65d41fdccd701e2a3d53dfd3', description='null'}-ac-6y1uld4-shard-00-01.vn7y1jw.mongodb.net:27017] INFO       org.mongodb.driver.connection -------- Opened connection [connectionId{localValue:10, serverValue:29899}] to ac-6y1uld4-shard-00-01.vn7y1jw.mongodb.net:27017
19:31:32.920 [cluster-ClusterId{value='65d41fdccd701e2a3d53dfd3', description='null'}-ac-6y1uld4-shard-00-01.vn7y1jw.mongodb.net:27017] INFO       org.mongodb.driver.cluster -------- Monitor thread successfully connected to server with description ServerDescription{address=ac-6y1uld4-shard-00-01.vn7y1jw.mongodb.net:27017, type=REPLICA_SET_SECONDARY, state=CONNECTED, ok=true, minWireVersion=0, maxWireVersion=17, maxDocumentSize=16777216, logicalSessionTimeoutMinutes=30, roundTripTimeNanos=541082000, setName='atlas-3mdhmm-shard-0', canonicalAddress=ac-6y1uld4-shard-00-01.vn7y1jw.mongodb.net:27017, hosts=[ac-6y1uld4-shard-00-01.vn7y1jw.mongodb.net:27017, ac-6y1uld4-shard-00-02.vn7y1jw.mongodb.net:27017, ac-6y1uld4-shard-00-00.vn7y1jw.mongodb.net:27017], passives=[], arbiters=[], primary='ac-6y1uld4-shard-00-02.vn7y1jw.mongodb.net:27017', tagSet=TagSet{[Tag{name='availabilityZone', value='aps1-az3'}, Tag{name='diskState', value='READY'}, Tag{name='nodeType', value='ELECTABLE'}, Tag{name='provider', value='AWS'}, Tag{name='region', value='AP_SOUTH_1'}, Tag{name='workloadType', value='OPERATIONAL'}]}, electionId=null, setVersion=11, topologyVersion=TopologyVersion{processId=65d36140a826e5dce8634c70, counter=3}, lastWriteDate=Tue Feb 20 19:30:51 IST 2024, lastUpdateTimeNanos=85693635006700}
19:31:49.342 [cluster-rtt-ClusterId{value='65d41fdccd701e2a3d53dfd3', description='null'}-ac-6y1uld4-shard-00-01.vn7y1jw.mongodb.net:27017] INFO       org.mongodb.driver.connection -------- Opened connection [connectionId{localValue:11, serverValue:29909}] to ac-6y1uld4-shard-00-01.vn7y1jw.mongodb.net:27017
19:31:49.520 [cluster-rtt-ClusterId{value='65d41fdccd701e2a3d53dfd3', description='null'}-ac-6y1uld4-shard-00-02.vn7y1jw.mongodb.net:27017] INFO       org.mongodb.driver.connection -------- Opened connection [connectionId{localValue:12, serverValue:33129}] to ac-6y1uld4-shard-00-02.vn7y1jw.mongodb.net:27017
19:31:49.557 [cluster-rtt-ClusterId{value='65d41fdccd701e2a3d53dfd3', description='null'}-ac-6y1uld4-shard-00-00.vn7y1jw.mongodb.net:27017] INFO       org.mongodb.driver.connection -------- Opened connection [connectionId{localValue:13, serverValue:31398}] to ac-6y1uld4-shard-00-00.vn7y1jw.mongodb.net:27017
